{"C:\\Users\\rockd\\OneDrive\\Escritorio\\Talento Tech\\NodeJS\\index.js": {"path":"C:\\Users\\rockd\\OneDrive\\Escritorio\\Talento Tech\\NodeJS\\index.js","statementMap":{"0":{"start":{"line":1,"column":16},"end":{"line":1,"column":34}},"1":{"start":{"line":2,"column":12},"end":{"line":2,"column":21}},"2":{"start":{"line":3,"column":15},"end":{"line":3,"column":31}},"3":{"start":{"line":4,"column":13},"end":{"line":4,"column":17}},"4":{"start":{"line":5,"column":0},"end":{"line":5,"column":27}},"5":{"start":{"line":7,"column":15},"end":{"line":7,"column":35}},"6":{"start":{"line":8,"column":13},"end":{"line":8,"column":40}},"7":{"start":{"line":9,"column":11},"end":{"line":9,"column":23}},"8":{"start":{"line":12,"column":23},"end":{"line":12,"column":46}},"9":{"start":{"line":13,"column":15},"end":{"line":13,"column":42}},"10":{"start":{"line":16,"column":15},"end":{"line":16,"column":39}},"11":{"start":{"line":17,"column":17},"end":{"line":17,"column":36}},"12":{"start":{"line":18,"column":0},"end":{"line":18,"column":25}},"13":{"start":{"line":20,"column":19},"end":{"line":20,"column":49}},"14":{"start":{"line":21,"column":20},"end":{"line":21,"column":51}},"15":{"start":{"line":22,"column":22},"end":{"line":22,"column":55}},"16":{"start":{"line":24,"column":22},"end":{"line":24,"column":49}},"17":{"start":{"line":27,"column":0},"end":{"line":49,"column":3}},"18":{"start":{"line":28,"column":2},"end":{"line":28,"column":27}},"19":{"start":{"line":30,"column":2},"end":{"line":43,"column":5}},"20":{"start":{"line":32,"column":18},"end":{"line":32,"column":34}},"21":{"start":{"line":33,"column":4},"end":{"line":39,"column":6}},"22":{"start":{"line":34,"column":6},"end":{"line":34,"column":32}},"23":{"start":{"line":36,"column":6},"end":{"line":36,"column":56}},"24":{"start":{"line":38,"column":6},"end":{"line":38,"column":43}},"25":{"start":{"line":45,"column":2},"end":{"line":47,"column":4}},"26":{"start":{"line":46,"column":4},"end":{"line":46,"column":32}},"27":{"start":{"line":51,"column":0},"end":{"line":51,"column":48}},"28":{"start":{"line":52,"column":0},"end":{"line":52,"column":24}},"29":{"start":{"line":53,"column":0},"end":{"line":56,"column":2}},"30":{"start":{"line":54,"column":2},"end":{"line":54,"column":14}},"31":{"start":{"line":55,"column":2},"end":{"line":55,"column":9}},"32":{"start":{"line":58,"column":13},"end":{"line":60,"column":2}},"33":{"start":{"line":61,"column":0},"end":{"line":61,"column":26}},"34":{"start":{"line":64,"column":0},"end":{"line":64,"column":16}},"35":{"start":{"line":65,"column":0},"end":{"line":65,"column":47}},"36":{"start":{"line":66,"column":0},"end":{"line":66,"column":25}},"37":{"start":{"line":67,"column":0},"end":{"line":67,"column":26}},"38":{"start":{"line":68,"column":0},"end":{"line":68,"column":28}},"39":{"start":{"line":70,"column":0},"end":{"line":72,"column":3}},"40":{"start":{"line":71,"column":2},"end":{"line":71,"column":41}},"41":{"start":{"line":74,"column":0},"end":{"line":74,"column":22}}},"fnMap":{"0":{"name":"(anonymous_0)","decl":{"start":{"line":27,"column":17},"end":{"line":27,"column":18}},"loc":{"start":{"line":27,"column":29},"end":{"line":49,"column":1}},"line":27},"1":{"name":"(anonymous_1)","decl":{"start":{"line":30,"column":23},"end":{"line":30,"column":24}},"loc":{"start":{"line":30,"column":33},"end":{"line":43,"column":3}},"line":30},"2":{"name":"(anonymous_2)","decl":{"start":{"line":33,"column":39},"end":{"line":33,"column":40}},"loc":{"start":{"line":33,"column":51},"end":{"line":37,"column":5}},"line":33},"3":{"name":"(anonymous_3)","decl":{"start":{"line":37,"column":13},"end":{"line":37,"column":14}},"loc":{"start":{"line":37,"column":24},"end":{"line":39,"column":5}},"line":37},"4":{"name":"(anonymous_4)","decl":{"start":{"line":45,"column":26},"end":{"line":45,"column":27}},"loc":{"start":{"line":45,"column":38},"end":{"line":47,"column":3}},"line":45},"5":{"name":"(anonymous_5)","decl":{"start":{"line":53,"column":8},"end":{"line":53,"column":9}},"loc":{"start":{"line":53,"column":28},"end":{"line":56,"column":1}},"line":53},"6":{"name":"(anonymous_6)","decl":{"start":{"line":70,"column":18},"end":{"line":70,"column":19}},"loc":{"start":{"line":70,"column":24},"end":{"line":72,"column":1}},"line":70}},"branchMap":{"0":{"loc":{"start":{"line":16,"column":15},"end":{"line":16,"column":39}},"type":"binary-expr","locations":[{"start":{"line":16,"column":15},"end":{"line":16,"column":33}},{"start":{"line":16,"column":37},"end":{"line":16,"column":39}}],"line":16}},"s":{"0":1,"1":1,"2":1,"3":1,"4":1,"5":1,"6":1,"7":1,"8":1,"9":1,"10":1,"11":1,"12":1,"13":1,"14":1,"15":1,"16":1,"17":1,"18":0,"19":0,"20":0,"21":0,"22":0,"23":0,"24":0,"25":0,"26":0,"27":1,"28":1,"29":1,"30":3,"31":3,"32":1,"33":1,"34":1,"35":1,"36":1,"37":1,"38":1,"39":1,"40":1,"41":1},"f":{"0":0,"1":0,"2":0,"3":0,"4":0,"5":3,"6":1},"b":{"0":[1,0]},"_coverageSchema":"1a1c01bbd47fc00a2c39e90264f33305004495a9","hash":"c37718db7cfc4dc9d8d6664fc9650b123c95ff74"}
,"C:\\Users\\rockd\\OneDrive\\Escritorio\\Talento Tech\\NodeJS\\controllers\\UserController.js": {"path":"C:\\Users\\rockd\\OneDrive\\Escritorio\\Talento Tech\\NodeJS\\controllers\\UserController.js","statementMap":{"0":{"start":{"line":1,"column":15},"end":{"line":1,"column":32}},"1":{"start":{"line":2,"column":19},"end":{"line":2,"column":44}},"2":{"start":{"line":3,"column":12},"end":{"line":3,"column":35}},"3":{"start":{"line":9,"column":4},"end":{"line":32,"column":5}},"4":{"start":{"line":10,"column":19},"end":{"line":10,"column":54}},"5":{"start":{"line":11,"column":6},"end":{"line":13,"column":7}},"6":{"start":{"line":12,"column":8},"end":{"line":12,"column":62}},"7":{"start":{"line":16,"column":28},"end":{"line":16,"column":73}},"8":{"start":{"line":18,"column":6},"end":{"line":20,"column":7}},"9":{"start":{"line":19,"column":8},"end":{"line":19,"column":64}},"10":{"start":{"line":22,"column":20},"end":{"line":26,"column":7}},"11":{"start":{"line":28,"column":6},"end":{"line":28,"column":49}},"12":{"start":{"line":30,"column":6},"end":{"line":30,"column":25}},"13":{"start":{"line":31,"column":6},"end":{"line":31,"column":61}},"14":{"start":{"line":36,"column":24},"end":{"line":36,"column":52}},"15":{"start":{"line":37,"column":4},"end":{"line":41,"column":5}},"16":{"start":{"line":38,"column":6},"end":{"line":40,"column":68}},"17":{"start":{"line":43,"column":18},"end":{"line":45,"column":19}},"18":{"start":{"line":46,"column":6},"end":{"line":46,"column":25}},"19":{"start":{"line":47,"column":4},"end":{"line":55,"column":7}},"20":{"start":{"line":48,"column":6},"end":{"line":52,"column":7}},"21":{"start":{"line":49,"column":8},"end":{"line":51,"column":63}},"22":{"start":{"line":53,"column":6},"end":{"line":53,"column":34}},"23":{"start":{"line":54,"column":6},"end":{"line":54,"column":13}},"24":{"start":{"line":58,"column":0},"end":{"line":58,"column":32}}},"fnMap":{"0":{"name":"(anonymous_0)","decl":{"start":{"line":6,"column":2},"end":{"line":6,"column":3}},"loc":{"start":{"line":6,"column":16},"end":{"line":6,"column":18}},"line":6},"1":{"name":"(anonymous_1)","decl":{"start":{"line":8,"column":2},"end":{"line":8,"column":3}},"loc":{"start":{"line":8,"column":31},"end":{"line":33,"column":3}},"line":8},"2":{"name":"(anonymous_2)","decl":{"start":{"line":35,"column":2},"end":{"line":35,"column":3}},"loc":{"start":{"line":35,"column":32},"end":{"line":56,"column":3}},"line":35},"3":{"name":"(anonymous_3)","decl":{"start":{"line":47,"column":33},"end":{"line":47,"column":34}},"loc":{"start":{"line":47,"column":53},"end":{"line":55,"column":5}},"line":47}},"branchMap":{"0":{"loc":{"start":{"line":11,"column":6},"end":{"line":13,"column":7}},"type":"if","locations":[{"start":{"line":11,"column":6},"end":{"line":13,"column":7}},{"start":{},"end":{}}],"line":11},"1":{"loc":{"start":{"line":18,"column":6},"end":{"line":20,"column":7}},"type":"if","locations":[{"start":{"line":18,"column":6},"end":{"line":20,"column":7}},{"start":{},"end":{}}],"line":18},"2":{"loc":{"start":{"line":37,"column":4},"end":{"line":41,"column":5}},"type":"if","locations":[{"start":{"line":37,"column":4},"end":{"line":41,"column":5}},{"start":{},"end":{}}],"line":37},"3":{"loc":{"start":{"line":43,"column":18},"end":{"line":45,"column":19}},"type":"cond-expr","locations":[{"start":{"line":44,"column":8},"end":{"line":44,"column":28}},{"start":{"line":45,"column":8},"end":{"line":45,"column":19}}],"line":43},"4":{"loc":{"start":{"line":48,"column":6},"end":{"line":52,"column":7}},"type":"if","locations":[{"start":{"line":48,"column":6},"end":{"line":52,"column":7}},{"start":{},"end":{}}],"line":48}},"s":{"0":1,"1":1,"2":1,"3":2,"4":2,"5":2,"6":1,"7":1,"8":1,"9":0,"10":1,"11":1,"12":0,"13":0,"14":0,"15":0,"16":0,"17":0,"18":0,"19":0,"20":0,"21":0,"22":0,"23":0,"24":1},"f":{"0":1,"1":2,"2":0,"3":0},"b":{"0":[1,1],"1":[0,1],"2":[0,0],"3":[0,0],"4":[0,0]},"_coverageSchema":"1a1c01bbd47fc00a2c39e90264f33305004495a9","hash":"743896d217232441b07a219c7fc9c148510c08c3"}
,"C:\\Users\\rockd\\OneDrive\\Escritorio\\Talento Tech\\NodeJS\\graphql\\resolvers.js": {"path":"C:\\Users\\rockd\\OneDrive\\Escritorio\\Talento Tech\\NodeJS\\graphql\\resolvers.js","statementMap":{"0":{"start":{"line":1,"column":19},"end":{"line":1,"column":44}},"1":{"start":{"line":2,"column":22},"end":{"line":2,"column":50}},"2":{"start":{"line":3,"column":20},"end":{"line":3,"column":46}},"3":{"start":{"line":5,"column":18},"end":{"line":144,"column":1}},"4":{"start":{"line":7,"column":4},"end":{"line":7,"column":25}},"5":{"start":{"line":10,"column":4},"end":{"line":14,"column":5}},"6":{"start":{"line":11,"column":6},"end":{"line":11,"column":52}},"7":{"start":{"line":13,"column":6},"end":{"line":13,"column":20}},"8":{"start":{"line":17,"column":4},"end":{"line":21,"column":5}},"9":{"start":{"line":18,"column":6},"end":{"line":18,"column":37}},"10":{"start":{"line":20,"column":6},"end":{"line":20,"column":21}},"11":{"start":{"line":24,"column":4},"end":{"line":46,"column":5}},"12":{"start":{"line":25,"column":18},"end":{"line":25,"column":20}},"13":{"start":{"line":27,"column":6},"end":{"line":43,"column":7}},"14":{"start":{"line":28,"column":8},"end":{"line":31,"column":9}},"15":{"start":{"line":30,"column":10},"end":{"line":30,"column":62}},"16":{"start":{"line":32,"column":8},"end":{"line":35,"column":9}},"17":{"start":{"line":34,"column":10},"end":{"line":34,"column":64}},"18":{"start":{"line":36,"column":8},"end":{"line":39,"column":9}},"19":{"start":{"line":38,"column":10},"end":{"line":38,"column":70}},"20":{"start":{"line":41,"column":22},"end":{"line":41,"column":50}},"21":{"start":{"line":42,"column":8},"end":{"line":42,"column":21}},"22":{"start":{"line":45,"column":6},"end":{"line":45,"column":49}},"23":{"start":{"line":49,"column":4},"end":{"line":62,"column":5}},"24":{"start":{"line":50,"column":6},"end":{"line":59,"column":12}},"25":{"start":{"line":61,"column":6},"end":{"line":61,"column":20}},"26":{"start":{"line":65,"column":4},"end":{"line":78,"column":5}},"27":{"start":{"line":66,"column":6},"end":{"line":75,"column":11}},"28":{"start":{"line":77,"column":6},"end":{"line":77,"column":25}},"29":{"start":{"line":81,"column":4},"end":{"line":102,"column":5}},"30":{"start":{"line":82,"column":18},"end":{"line":82,"column":20}},"31":{"start":{"line":83,"column":6},"end":{"line":99,"column":7}},"32":{"start":{"line":84,"column":8},"end":{"line":86,"column":9}},"33":{"start":{"line":85,"column":10},"end":{"line":85,"column":40}},"34":{"start":{"line":87,"column":8},"end":{"line":89,"column":9}},"35":{"start":{"line":88,"column":10},"end":{"line":88,"column":36}},"36":{"start":{"line":90,"column":8},"end":{"line":92,"column":9}},"37":{"start":{"line":91,"column":10},"end":{"line":91,"column":62}},"38":{"start":{"line":94,"column":24},"end":{"line":97,"column":25}},"39":{"start":{"line":98,"column":8},"end":{"line":98,"column":23}},"40":{"start":{"line":101,"column":6},"end":{"line":101,"column":49}},"41":{"start":{"line":105,"column":4},"end":{"line":109,"column":5}},"42":{"start":{"line":106,"column":6},"end":{"line":106,"column":48}},"43":{"start":{"line":108,"column":6},"end":{"line":108,"column":25}},"44":{"start":{"line":112,"column":4},"end":{"line":117,"column":5}},"45":{"start":{"line":113,"column":19},"end":{"line":113,"column":37}},"46":{"start":{"line":114,"column":6},"end":{"line":114,"column":20}},"47":{"start":{"line":116,"column":6},"end":{"line":116,"column":25}},"48":{"start":{"line":120,"column":4},"end":{"line":142,"column":5}},"49":{"start":{"line":121,"column":18},"end":{"line":121,"column":20}},"50":{"start":{"line":122,"column":6},"end":{"line":139,"column":7}},"51":{"start":{"line":123,"column":8},"end":{"line":125,"column":9}},"52":{"start":{"line":124,"column":10},"end":{"line":124,"column":46}},"53":{"start":{"line":126,"column":8},"end":{"line":128,"column":9}},"54":{"start":{"line":127,"column":10},"end":{"line":127,"column":40}},"55":{"start":{"line":129,"column":8},"end":{"line":131,"column":9}},"56":{"start":{"line":130,"column":10},"end":{"line":130,"column":41}},"57":{"start":{"line":132,"column":8},"end":{"line":134,"column":9}},"58":{"start":{"line":133,"column":12},"end":{"line":133,"column":48}},"59":{"start":{"line":136,"column":22},"end":{"line":137,"column":22}},"60":{"start":{"line":138,"column":8},"end":{"line":138,"column":21}},"61":{"start":{"line":141,"column":6},"end":{"line":141,"column":46}},"62":{"start":{"line":145,"column":0},"end":{"line":145,"column":27}}},"fnMap":{"0":{"name":"(anonymous_0)","decl":{"start":{"line":6,"column":9},"end":{"line":6,"column":10}},"loc":{"start":{"line":6,"column":15},"end":{"line":8,"column":3}},"line":6},"1":{"name":"(anonymous_1)","decl":{"start":{"line":9,"column":8},"end":{"line":9,"column":9}},"loc":{"start":{"line":9,"column":29},"end":{"line":15,"column":3}},"line":9},"2":{"name":"(anonymous_2)","decl":{"start":{"line":16,"column":9},"end":{"line":16,"column":10}},"loc":{"start":{"line":16,"column":21},"end":{"line":22,"column":3}},"line":16},"3":{"name":"(anonymous_3)","decl":{"start":{"line":23,"column":17},"end":{"line":23,"column":18}},"loc":{"start":{"line":23,"column":42},"end":{"line":47,"column":3}},"line":23},"4":{"name":"(anonymous_4)","decl":{"start":{"line":48,"column":11},"end":{"line":48,"column":12}},"loc":{"start":{"line":48,"column":32},"end":{"line":63,"column":3}},"line":48},"5":{"name":"(anonymous_5)","decl":{"start":{"line":64,"column":12},"end":{"line":64,"column":13}},"loc":{"start":{"line":64,"column":24},"end":{"line":79,"column":3}},"line":64},"6":{"name":"(anonymous_6)","decl":{"start":{"line":80,"column":20},"end":{"line":80,"column":21}},"loc":{"start":{"line":80,"column":45},"end":{"line":103,"column":3}},"line":80},"7":{"name":"(anonymous_7)","decl":{"start":{"line":104,"column":9},"end":{"line":104,"column":10}},"loc":{"start":{"line":104,"column":30},"end":{"line":110,"column":3}},"line":104},"8":{"name":"(anonymous_8)","decl":{"start":{"line":111,"column":10},"end":{"line":111,"column":11}},"loc":{"start":{"line":111,"column":22},"end":{"line":118,"column":3}},"line":111},"9":{"name":"(anonymous_9)","decl":{"start":{"line":119,"column":18},"end":{"line":119,"column":19}},"loc":{"start":{"line":119,"column":43},"end":{"line":143,"column":3}},"line":119}},"branchMap":{"0":{"loc":{"start":{"line":27,"column":6},"end":{"line":43,"column":7}},"type":"if","locations":[{"start":{"line":27,"column":6},"end":{"line":43,"column":7}},{"start":{},"end":{}}],"line":27},"1":{"loc":{"start":{"line":28,"column":8},"end":{"line":31,"column":9}},"type":"if","locations":[{"start":{"line":28,"column":8},"end":{"line":31,"column":9}},{"start":{},"end":{}}],"line":28},"2":{"loc":{"start":{"line":32,"column":8},"end":{"line":35,"column":9}},"type":"if","locations":[{"start":{"line":32,"column":8},"end":{"line":35,"column":9}},{"start":{},"end":{}}],"line":32},"3":{"loc":{"start":{"line":36,"column":8},"end":{"line":39,"column":9}},"type":"if","locations":[{"start":{"line":36,"column":8},"end":{"line":39,"column":9}},{"start":{},"end":{}}],"line":36},"4":{"loc":{"start":{"line":83,"column":6},"end":{"line":99,"column":7}},"type":"if","locations":[{"start":{"line":83,"column":6},"end":{"line":99,"column":7}},{"start":{},"end":{}}],"line":83},"5":{"loc":{"start":{"line":84,"column":8},"end":{"line":86,"column":9}},"type":"if","locations":[{"start":{"line":84,"column":8},"end":{"line":86,"column":9}},{"start":{},"end":{}}],"line":84},"6":{"loc":{"start":{"line":87,"column":8},"end":{"line":89,"column":9}},"type":"if","locations":[{"start":{"line":87,"column":8},"end":{"line":89,"column":9}},{"start":{},"end":{}}],"line":87},"7":{"loc":{"start":{"line":90,"column":8},"end":{"line":92,"column":9}},"type":"if","locations":[{"start":{"line":90,"column":8},"end":{"line":92,"column":9}},{"start":{},"end":{}}],"line":90},"8":{"loc":{"start":{"line":122,"column":6},"end":{"line":139,"column":7}},"type":"if","locations":[{"start":{"line":122,"column":6},"end":{"line":139,"column":7}},{"start":{},"end":{}}],"line":122},"9":{"loc":{"start":{"line":123,"column":8},"end":{"line":125,"column":9}},"type":"if","locations":[{"start":{"line":123,"column":8},"end":{"line":125,"column":9}},{"start":{},"end":{}}],"line":123},"10":{"loc":{"start":{"line":126,"column":8},"end":{"line":128,"column":9}},"type":"if","locations":[{"start":{"line":126,"column":8},"end":{"line":128,"column":9}},{"start":{},"end":{}}],"line":126},"11":{"loc":{"start":{"line":129,"column":8},"end":{"line":131,"column":9}},"type":"if","locations":[{"start":{"line":129,"column":8},"end":{"line":131,"column":9}},{"start":{},"end":{}}],"line":129},"12":{"loc":{"start":{"line":132,"column":8},"end":{"line":134,"column":9}},"type":"if","locations":[{"start":{"line":132,"column":8},"end":{"line":134,"column":9}},{"start":{},"end":{}}],"line":132}},"s":{"0":1,"1":1,"2":1,"3":1,"4":0,"5":0,"6":0,"7":0,"8":0,"9":0,"10":0,"11":0,"12":0,"13":0,"14":0,"15":0,"16":0,"17":0,"18":0,"19":0,"20":0,"21":0,"22":0,"23":0,"24":0,"25":0,"26":0,"27":0,"28":0,"29":0,"30":0,"31":0,"32":0,"33":0,"34":0,"35":0,"36":0,"37":0,"38":0,"39":0,"40":0,"41":0,"42":0,"43":0,"44":0,"45":0,"46":0,"47":0,"48":0,"49":0,"50":0,"51":0,"52":0,"53":0,"54":0,"55":0,"56":0,"57":0,"58":0,"59":0,"60":0,"61":0,"62":1},"f":{"0":0,"1":0,"2":0,"3":0,"4":0,"5":0,"6":0,"7":0,"8":0,"9":0},"b":{"0":[0,0],"1":[0,0],"2":[0,0],"3":[0,0],"4":[0,0],"5":[0,0],"6":[0,0],"7":[0,0],"8":[0,0],"9":[0,0],"10":[0,0],"11":[0,0],"12":[0,0]},"_coverageSchema":"1a1c01bbd47fc00a2c39e90264f33305004495a9","hash":"c22c6d963ba36c6647664fe02f221f3e3bded5a1"}
,"C:\\Users\\rockd\\OneDrive\\Escritorio\\Talento Tech\\NodeJS\\graphql\\schema.js": {"path":"C:\\Users\\rockd\\OneDrive\\Escritorio\\Talento Tech\\NodeJS\\graphql\\schema.js","statementMap":{"0":{"start":{"line":10,"column":4},"end":{"line":10,"column":22}},"1":{"start":{"line":12,"column":18},"end":{"line":12,"column":49}},"2":{"start":{"line":14,"column":13},"end":{"line":23,"column":2}},"3":{"start":{"line":25,"column":16},"end":{"line":34,"column":2}},"4":{"start":{"line":36,"column":14},"end":{"line":53,"column":2}},"5":{"start":{"line":55,"column":24},"end":{"line":62,"column":2}},"6":{"start":{"line":64,"column":27},"end":{"line":72,"column":2}},"7":{"start":{"line":74,"column":26},"end":{"line":83,"column":2}},"8":{"start":{"line":85,"column":16},"end":{"line":144,"column":3}},"9":{"start":{"line":146,"column":20},"end":{"line":149,"column":4}},"10":{"start":{"line":151,"column":17},"end":{"line":153,"column":4}},"11":{"start":{"line":156,"column":2},"end":{"line":156,"column":26}}},"fnMap":{},"branchMap":{},"s":{"0":1,"1":1,"2":1,"3":1,"4":1,"5":1,"6":1,"7":1,"8":1,"9":1,"10":1,"11":1},"f":{},"b":{},"_coverageSchema":"1a1c01bbd47fc00a2c39e90264f33305004495a9","hash":"037423a634d04d61d53dd35a85a6a791c40d0379"}
,"C:\\Users\\rockd\\OneDrive\\Escritorio\\Talento Tech\\NodeJS\\models\\House.js": {"path":"C:\\Users\\rockd\\OneDrive\\Escritorio\\Talento Tech\\NodeJS\\models\\House.js","statementMap":{"0":{"start":{"line":1,"column":17},"end":{"line":1,"column":36}},"1":{"start":{"line":3,"column":19},"end":{"line":69,"column":2}},"2":{"start":{"line":13,"column":27},"end":{"line":13,"column":84}},"3":{"start":{"line":14,"column":25},"end":{"line":14,"column":46}},"4":{"start":{"line":15,"column":12},"end":{"line":15,"column":97}},"5":{"start":{"line":15,"column":41},"end":{"line":15,"column":95}},"6":{"start":{"line":17,"column":27},"end":{"line":17,"column":88}},"7":{"start":{"line":23,"column":27},"end":{"line":23,"column":78}},"8":{"start":{"line":24,"column":30},"end":{"line":24,"column":51}},"9":{"start":{"line":25,"column":12},"end":{"line":25,"column":111}},"10":{"start":{"line":25,"column":51},"end":{"line":25,"column":109}},"11":{"start":{"line":61,"column":16},"end":{"line":61,"column":58}},"12":{"start":{"line":63,"column":31},"end":{"line":63,"column":100}},"13":{"start":{"line":71,"column":0},"end":{"line":71,"column":53}}},"fnMap":{"0":{"name":"(anonymous_0)","decl":{"start":{"line":12,"column":19},"end":{"line":12,"column":20}},"loc":{"start":{"line":12,"column":39},"end":{"line":16,"column":9}},"line":12},"1":{"name":"(anonymous_1)","decl":{"start":{"line":15,"column":31},"end":{"line":15,"column":32}},"loc":{"start":{"line":15,"column":41},"end":{"line":15,"column":95}},"line":15},"2":{"name":"(anonymous_2)","decl":{"start":{"line":17,"column":18},"end":{"line":17,"column":19}},"loc":{"start":{"line":17,"column":27},"end":{"line":17,"column":88}},"line":17},"3":{"name":"(anonymous_3)","decl":{"start":{"line":22,"column":19},"end":{"line":22,"column":20}},"loc":{"start":{"line":22,"column":40},"end":{"line":26,"column":9}},"line":22},"4":{"name":"(anonymous_4)","decl":{"start":{"line":25,"column":36},"end":{"line":25,"column":37}},"loc":{"start":{"line":25,"column":51},"end":{"line":25,"column":109}},"line":25},"5":{"name":"(anonymous_5)","decl":{"start":{"line":60,"column":24},"end":{"line":60,"column":25}},"loc":{"start":{"line":60,"column":38},"end":{"line":62,"column":13}},"line":60},"6":{"name":"(anonymous_6)","decl":{"start":{"line":63,"column":22},"end":{"line":63,"column":23}},"loc":{"start":{"line":63,"column":31},"end":{"line":63,"column":100}},"line":63}},"branchMap":{},"s":{"0":1,"1":1,"2":0,"3":0,"4":0,"5":0,"6":0,"7":0,"8":0,"9":0,"10":0,"11":0,"12":0,"13":1},"f":{"0":0,"1":0,"2":0,"3":0,"4":0,"5":0,"6":0},"b":{},"_coverageSchema":"1a1c01bbd47fc00a2c39e90264f33305004495a9","hash":"ee8a72f960417be760c955c7812edba7d697608d"}
,"C:\\Users\\rockd\\OneDrive\\Escritorio\\Talento Tech\\NodeJS\\models\\Message.js": {"path":"C:\\Users\\rockd\\OneDrive\\Escritorio\\Talento Tech\\NodeJS\\models\\Message.js","statementMap":{"0":{"start":{"line":1,"column":17},"end":{"line":1,"column":36}},"1":{"start":{"line":4,"column":22},"end":{"line":26,"column":2}},"2":{"start":{"line":28,"column":0},"end":{"line":28,"column":58}}},"fnMap":{},"branchMap":{},"s":{"0":1,"1":1,"2":1},"f":{},"b":{},"_coverageSchema":"1a1c01bbd47fc00a2c39e90264f33305004495a9","hash":"fa2e3b50f418194bd4a1a94bf070d7b58addf696"}
,"C:\\Users\\rockd\\OneDrive\\Escritorio\\Talento Tech\\NodeJS\\models\\User.js": {"path":"C:\\Users\\rockd\\OneDrive\\Escritorio\\Talento Tech\\NodeJS\\models\\User.js","statementMap":{"0":{"start":{"line":1,"column":17},"end":{"line":1,"column":36}},"1":{"start":{"line":4,"column":19},"end":{"line":37,"column":2}},"2":{"start":{"line":25,"column":16},"end":{"line":25,"column":64}},"3":{"start":{"line":27,"column":31},"end":{"line":27,"column":83}},"4":{"start":{"line":39,"column":0},"end":{"line":39,"column":52}}},"fnMap":{"0":{"name":"(anonymous_0)","decl":{"start":{"line":24,"column":24},"end":{"line":24,"column":25}},"loc":{"start":{"line":24,"column":39},"end":{"line":26,"column":13}},"line":24},"1":{"name":"(anonymous_1)","decl":{"start":{"line":27,"column":22},"end":{"line":27,"column":23}},"loc":{"start":{"line":27,"column":31},"end":{"line":27,"column":83}},"line":27}},"branchMap":{},"s":{"0":1,"1":1,"2":0,"3":0,"4":1},"f":{"0":0,"1":0},"b":{},"_coverageSchema":"1a1c01bbd47fc00a2c39e90264f33305004495a9","hash":"123abe505f72422512c9de28caf36d231851eacc"}
,"C:\\Users\\rockd\\OneDrive\\Escritorio\\Talento Tech\\NodeJS\\routes\\HouseRoutes.js": {"path":"C:\\Users\\rockd\\OneDrive\\Escritorio\\Talento Tech\\NodeJS\\routes\\HouseRoutes.js","statementMap":{"0":{"start":{"line":1,"column":16},"end":{"line":1,"column":34}},"1":{"start":{"line":2,"column":15},"end":{"line":2,"column":31}},"2":{"start":{"line":3,"column":20},"end":{"line":3,"column":46}},"3":{"start":{"line":4,"column":15},"end":{"line":4,"column":32}},"4":{"start":{"line":8,"column":0},"end":{"line":15,"column":3}},"5":{"start":{"line":9,"column":2},"end":{"line":14,"column":3}},"6":{"start":{"line":10,"column":17},"end":{"line":10,"column":41}},"7":{"start":{"line":11,"column":4},"end":{"line":11,"column":21}},"8":{"start":{"line":13,"column":4},"end":{"line":13,"column":58}},"9":{"start":{"line":18,"column":0},"end":{"line":25,"column":3}},"10":{"start":{"line":19,"column":2},"end":{"line":24,"column":3}},"11":{"start":{"line":20,"column":16},"end":{"line":20,"column":57}},"12":{"start":{"line":21,"column":4},"end":{"line":21,"column":20}},"13":{"start":{"line":23,"column":4},"end":{"line":23,"column":58}},"14":{"start":{"line":27,"column":0},"end":{"line":50,"column":3}},"15":{"start":{"line":28,"column":17},"end":{"line":40,"column":4}},"16":{"start":{"line":41,"column":2},"end":{"line":49,"column":7}},"17":{"start":{"line":44,"column":6},"end":{"line":44,"column":23}},"18":{"start":{"line":47,"column":6},"end":{"line":47,"column":56}},"19":{"start":{"line":48,"column":6},"end":{"line":48,"column":72}},"20":{"start":{"line":52,"column":0},"end":{"line":75,"column":3}},"21":{"start":{"line":53,"column":13},"end":{"line":53,"column":26}},"22":{"start":{"line":55,"column":22},"end":{"line":67,"column":5}},"23":{"start":{"line":69,"column":4},"end":{"line":74,"column":6}},"24":{"start":{"line":70,"column":8},"end":{"line":70,"column":28}},"25":{"start":{"line":71,"column":8},"end":{"line":71,"column":25}},"26":{"start":{"line":73,"column":8},"end":{"line":73,"column":24}},"27":{"start":{"line":78,"column":0},"end":{"line":87,"column":3}},"28":{"start":{"line":79,"column":13},"end":{"line":79,"column":26}},"29":{"start":{"line":81,"column":4},"end":{"line":86,"column":6}},"30":{"start":{"line":82,"column":8},"end":{"line":82,"column":83}},"31":{"start":{"line":84,"column":8},"end":{"line":84,"column":27}},"32":{"start":{"line":85,"column":8},"end":{"line":85,"column":75}},"33":{"start":{"line":90,"column":16},"end":{"line":97,"column":2}},"34":{"start":{"line":92,"column":8},"end":{"line":92,"column":41}},"35":{"start":{"line":95,"column":8},"end":{"line":95,"column":55}},"36":{"start":{"line":99,"column":19},"end":{"line":105,"column":1}},"37":{"start":{"line":100,"column":4},"end":{"line":104,"column":5}},"38":{"start":{"line":101,"column":8},"end":{"line":101,"column":23}},"39":{"start":{"line":103,"column":8},"end":{"line":103,"column":24}},"40":{"start":{"line":107,"column":15},"end":{"line":110,"column":2}},"41":{"start":{"line":113,"column":0},"end":{"line":131,"column":3}},"42":{"start":{"line":115,"column":4},"end":{"line":117,"column":5}},"43":{"start":{"line":116,"column":8},"end":{"line":116,"column":90}},"44":{"start":{"line":119,"column":14},"end":{"line":119,"column":27}},"45":{"start":{"line":121,"column":22},"end":{"line":123,"column":5}},"46":{"start":{"line":125,"column":4},"end":{"line":129,"column":6}},"47":{"start":{"line":126,"column":8},"end":{"line":126,"column":82}},"48":{"start":{"line":128,"column":8},"end":{"line":128,"column":66}},"49":{"start":{"line":133,"column":0},"end":{"line":133,"column":24}}},"fnMap":{"0":{"name":"(anonymous_0)","decl":{"start":{"line":8,"column":21},"end":{"line":8,"column":22}},"loc":{"start":{"line":8,"column":41},"end":{"line":15,"column":1}},"line":8},"1":{"name":"(anonymous_1)","decl":{"start":{"line":18,"column":25},"end":{"line":18,"column":26}},"loc":{"start":{"line":18,"column":45},"end":{"line":25,"column":1}},"line":18},"2":{"name":"(anonymous_2)","decl":{"start":{"line":27,"column":22},"end":{"line":27,"column":23}},"loc":{"start":{"line":27,"column":36},"end":{"line":50,"column":1}},"line":27},"3":{"name":"(anonymous_3)","decl":{"start":{"line":43,"column":10},"end":{"line":43,"column":11}},"loc":{"start":{"line":43,"column":22},"end":{"line":45,"column":5}},"line":43},"4":{"name":"(anonymous_4)","decl":{"start":{"line":46,"column":11},"end":{"line":46,"column":12}},"loc":{"start":{"line":46,"column":22},"end":{"line":49,"column":5}},"line":46},"5":{"name":"(anonymous_5)","decl":{"start":{"line":52,"column":25},"end":{"line":52,"column":26}},"loc":{"start":{"line":52,"column":39},"end":{"line":75,"column":1}},"line":52},"6":{"name":"(anonymous_6)","decl":{"start":{"line":69,"column":70},"end":{"line":69,"column":71}},"loc":{"start":{"line":69,"column":80},"end":{"line":72,"column":5}},"line":69},"7":{"name":"(anonymous_7)","decl":{"start":{"line":72,"column":13},"end":{"line":72,"column":14}},"loc":{"start":{"line":72,"column":23},"end":{"line":74,"column":5}},"line":72},"8":{"name":"(anonymous_8)","decl":{"start":{"line":78,"column":28},"end":{"line":78,"column":29}},"loc":{"start":{"line":78,"column":42},"end":{"line":87,"column":1}},"line":78},"9":{"name":"(anonymous_9)","decl":{"start":{"line":81,"column":43},"end":{"line":81,"column":44}},"loc":{"start":{"line":81,"column":49},"end":{"line":83,"column":5}},"line":81},"10":{"name":"(anonymous_10)","decl":{"start":{"line":83,"column":13},"end":{"line":83,"column":14}},"loc":{"start":{"line":83,"column":24},"end":{"line":86,"column":5}},"line":83},"11":{"name":"(anonymous_11)","decl":{"start":{"line":91,"column":18},"end":{"line":91,"column":19}},"loc":{"start":{"line":91,"column":41},"end":{"line":93,"column":5}},"line":91},"12":{"name":"(anonymous_12)","decl":{"start":{"line":94,"column":15},"end":{"line":94,"column":16}},"loc":{"start":{"line":94,"column":38},"end":{"line":96,"column":5}},"line":94},"13":{"name":"(anonymous_13)","decl":{"start":{"line":99,"column":19},"end":{"line":99,"column":20}},"loc":{"start":{"line":99,"column":38},"end":{"line":105,"column":1}},"line":99},"14":{"name":"(anonymous_14)","decl":{"start":{"line":113,"column":56},"end":{"line":113,"column":57}},"loc":{"start":{"line":113,"column":70},"end":{"line":131,"column":1}},"line":113},"15":{"name":"(anonymous_15)","decl":{"start":{"line":125,"column":71},"end":{"line":125,"column":72}},"loc":{"start":{"line":125,"column":81},"end":{"line":127,"column":5}},"line":125},"16":{"name":"(anonymous_16)","decl":{"start":{"line":127,"column":13},"end":{"line":127,"column":14}},"loc":{"start":{"line":127,"column":23},"end":{"line":129,"column":5}},"line":127}},"branchMap":{"0":{"loc":{"start":{"line":100,"column":4},"end":{"line":104,"column":5}},"type":"if","locations":[{"start":{"line":100,"column":4},"end":{"line":104,"column":5}},{"start":{"line":102,"column":9},"end":{"line":104,"column":5}}],"line":100},"1":{"loc":{"start":{"line":115,"column":4},"end":{"line":117,"column":5}},"type":"if","locations":[{"start":{"line":115,"column":4},"end":{"line":117,"column":5}},{"start":{},"end":{}}],"line":115}},"s":{"0":1,"1":1,"2":1,"3":1,"4":1,"5":0,"6":0,"7":0,"8":0,"9":1,"10":0,"11":0,"12":0,"13":0,"14":1,"15":0,"16":0,"17":0,"18":0,"19":0,"20":1,"21":0,"22":0,"23":0,"24":0,"25":0,"26":0,"27":1,"28":0,"29":0,"30":0,"31":0,"32":0,"33":1,"34":0,"35":0,"36":1,"37":0,"38":0,"39":0,"40":1,"41":1,"42":0,"43":0,"44":0,"45":0,"46":0,"47":0,"48":0,"49":1},"f":{"0":0,"1":0,"2":0,"3":0,"4":0,"5":0,"6":0,"7":0,"8":0,"9":0,"10":0,"11":0,"12":0,"13":0,"14":0,"15":0,"16":0},"b":{"0":[0,0],"1":[0,0]},"_coverageSchema":"1a1c01bbd47fc00a2c39e90264f33305004495a9","hash":"f72c1cd9e369e06011ea206f9e66d4de1610fdd8"}
,"C:\\Users\\rockd\\OneDrive\\Escritorio\\Talento Tech\\NodeJS\\routes\\MessageRoutes.js": {"path":"C:\\Users\\rockd\\OneDrive\\Escritorio\\Talento Tech\\NodeJS\\routes\\MessageRoutes.js","statementMap":{"0":{"start":{"line":1,"column":16},"end":{"line":1,"column":34}},"1":{"start":{"line":2,"column":15},"end":{"line":2,"column":31}},"2":{"start":{"line":3,"column":22},"end":{"line":3,"column":50}},"3":{"start":{"line":5,"column":0},"end":{"line":16,"column":2}},"4":{"start":{"line":6,"column":19},"end":{"line":14,"column":6}},"5":{"start":{"line":15,"column":4},"end":{"line":15,"column":23}},"6":{"start":{"line":18,"column":0},"end":{"line":30,"column":3}},"7":{"start":{"line":19,"column":18},"end":{"line":23,"column":6}},"8":{"start":{"line":25,"column":4},"end":{"line":29,"column":6}},"9":{"start":{"line":26,"column":8},"end":{"line":26,"column":25}},"10":{"start":{"line":28,"column":8},"end":{"line":28,"column":66}},"11":{"start":{"line":32,"column":0},"end":{"line":32,"column":24}}},"fnMap":{"0":{"name":"(anonymous_0)","decl":{"start":{"line":5,"column":23},"end":{"line":5,"column":24}},"loc":{"start":{"line":5,"column":43},"end":{"line":16,"column":1}},"line":5},"1":{"name":"(anonymous_1)","decl":{"start":{"line":18,"column":24},"end":{"line":18,"column":25}},"loc":{"start":{"line":18,"column":43},"end":{"line":30,"column":1}},"line":18},"2":{"name":"(anonymous_2)","decl":{"start":{"line":25,"column":21},"end":{"line":25,"column":22}},"loc":{"start":{"line":25,"column":33},"end":{"line":27,"column":5}},"line":25},"3":{"name":"(anonymous_3)","decl":{"start":{"line":27,"column":13},"end":{"line":27,"column":14}},"loc":{"start":{"line":27,"column":24},"end":{"line":29,"column":5}},"line":27}},"branchMap":{},"s":{"0":1,"1":1,"2":1,"3":1,"4":0,"5":0,"6":1,"7":0,"8":0,"9":0,"10":0,"11":1},"f":{"0":0,"1":0,"2":0,"3":0},"b":{},"_coverageSchema":"1a1c01bbd47fc00a2c39e90264f33305004495a9","hash":"a0c366adb93abeb81af6ef99e3c4c54fbc8e0bcb"}
,"C:\\Users\\rockd\\OneDrive\\Escritorio\\Talento Tech\\NodeJS\\routes\\UserRoutes.js": {"path":"C:\\Users\\rockd\\OneDrive\\Escritorio\\Talento Tech\\NodeJS\\routes\\UserRoutes.js","statementMap":{"0":{"start":{"line":1,"column":16},"end":{"line":1,"column":34}},"1":{"start":{"line":2,"column":15},"end":{"line":2,"column":31}},"2":{"start":{"line":3,"column":15},"end":{"line":3,"column":32}},"3":{"start":{"line":4,"column":19},"end":{"line":4,"column":44}},"4":{"start":{"line":5,"column":23},"end":{"line":5,"column":63}},"5":{"start":{"line":6,"column":23},"end":{"line":6,"column":43}},"6":{"start":{"line":7,"column":15},"end":{"line":7,"column":32}},"7":{"start":{"line":11,"column":0},"end":{"line":19,"column":3}},"8":{"start":{"line":13,"column":4},"end":{"line":18,"column":5}},"9":{"start":{"line":14,"column":20},"end":{"line":14,"column":43}},"10":{"start":{"line":15,"column":8},"end":{"line":15,"column":24}},"11":{"start":{"line":17,"column":8},"end":{"line":17,"column":27}},"12":{"start":{"line":21,"column":0},"end":{"line":27,"column":3}},"13":{"start":{"line":22,"column":17},"end":{"line":22,"column":30}},"14":{"start":{"line":23,"column":15},"end":{"line":25,"column":6}},"15":{"start":{"line":24,"column":8},"end":{"line":24,"column":35}},"16":{"start":{"line":26,"column":4},"end":{"line":26,"column":19}},"17":{"start":{"line":29,"column":0},"end":{"line":53,"column":2}},"18":{"start":{"line":31,"column":25},"end":{"line":31,"column":65}},"19":{"start":{"line":33,"column":19},"end":{"line":39,"column":10}},"20":{"start":{"line":41,"column":4},"end":{"line":52,"column":6}},"21":{"start":{"line":42,"column":8},"end":{"line":42,"column":25}},"22":{"start":{"line":44,"column":8},"end":{"line":44,"column":27}},"23":{"start":{"line":45,"column":8},"end":{"line":51,"column":9}},"24":{"start":{"line":46,"column":12},"end":{"line":46,"column":84}},"25":{"start":{"line":47,"column":14},"end":{"line":51,"column":9}},"26":{"start":{"line":48,"column":12},"end":{"line":48,"column":81}},"27":{"start":{"line":50,"column":12},"end":{"line":50,"column":89}},"28":{"start":{"line":56,"column":0},"end":{"line":72,"column":2}},"29":{"start":{"line":57,"column":14},"end":{"line":57,"column":28}},"30":{"start":{"line":59,"column":22},"end":{"line":64,"column":5}},"31":{"start":{"line":66,"column":4},"end":{"line":71,"column":6}},"32":{"start":{"line":67,"column":8},"end":{"line":67,"column":28}},"33":{"start":{"line":68,"column":8},"end":{"line":68,"column":25}},"34":{"start":{"line":70,"column":8},"end":{"line":70,"column":24}},"35":{"start":{"line":74,"column":0},"end":{"line":84,"column":3}},"36":{"start":{"line":76,"column":14},"end":{"line":76,"column":28}},"37":{"start":{"line":78,"column":4},"end":{"line":83,"column":6}},"38":{"start":{"line":79,"column":8},"end":{"line":79,"column":79}},"39":{"start":{"line":81,"column":8},"end":{"line":81,"column":26}},"40":{"start":{"line":82,"column":8},"end":{"line":82,"column":72}},"41":{"start":{"line":86,"column":0},"end":{"line":93,"column":2}},"42":{"start":{"line":87,"column":18},"end":{"line":87,"column":32}},"43":{"start":{"line":88,"column":21},"end":{"line":88,"column":38}},"44":{"start":{"line":90,"column":4},"end":{"line":92,"column":6}},"45":{"start":{"line":91,"column":8},"end":{"line":91,"column":25}},"46":{"start":{"line":96,"column":16},"end":{"line":103,"column":2}},"47":{"start":{"line":98,"column":8},"end":{"line":98,"column":29}},"48":{"start":{"line":101,"column":8},"end":{"line":101,"column":55}},"49":{"start":{"line":105,"column":19},"end":{"line":111,"column":1}},"50":{"start":{"line":106,"column":4},"end":{"line":110,"column":5}},"51":{"start":{"line":107,"column":8},"end":{"line":107,"column":23}},"52":{"start":{"line":109,"column":8},"end":{"line":109,"column":59}},"53":{"start":{"line":113,"column":15},"end":{"line":116,"column":2}},"54":{"start":{"line":119,"column":0},"end":{"line":135,"column":2}},"55":{"start":{"line":120,"column":4},"end":{"line":122,"column":5}},"56":{"start":{"line":121,"column":8},"end":{"line":121,"column":89}},"57":{"start":{"line":124,"column":14},"end":{"line":124,"column":27}},"58":{"start":{"line":126,"column":21},"end":{"line":128,"column":5}},"59":{"start":{"line":130,"column":4},"end":{"line":134,"column":6}},"60":{"start":{"line":131,"column":8},"end":{"line":131,"column":83}},"61":{"start":{"line":133,"column":8},"end":{"line":133,"column":66}},"62":{"start":{"line":138,"column":0},"end":{"line":138,"column":24}}},"fnMap":{"0":{"name":"(anonymous_0)","decl":{"start":{"line":11,"column":50},"end":{"line":11,"column":51}},"loc":{"start":{"line":11,"column":70},"end":{"line":19,"column":1}},"line":11},"1":{"name":"(anonymous_1)","decl":{"start":{"line":21,"column":24},"end":{"line":21,"column":25}},"loc":{"start":{"line":21,"column":44},"end":{"line":27,"column":1}},"line":21},"2":{"name":"(anonymous_2)","decl":{"start":{"line":23,"column":55},"end":{"line":23,"column":56}},"loc":{"start":{"line":23,"column":66},"end":{"line":25,"column":5}},"line":23},"3":{"name":"(anonymous_3)","decl":{"start":{"line":29,"column":21},"end":{"line":29,"column":22}},"loc":{"start":{"line":29,"column":41},"end":{"line":53,"column":1}},"line":29},"4":{"name":"(anonymous_4)","decl":{"start":{"line":41,"column":21},"end":{"line":41,"column":22}},"loc":{"start":{"line":41,"column":33},"end":{"line":43,"column":5}},"line":41},"5":{"name":"(anonymous_5)","decl":{"start":{"line":43,"column":13},"end":{"line":43,"column":14}},"loc":{"start":{"line":43,"column":24},"end":{"line":52,"column":5}},"line":43},"6":{"name":"(anonymous_6)","decl":{"start":{"line":56,"column":25},"end":{"line":56,"column":26}},"loc":{"start":{"line":56,"column":39},"end":{"line":72,"column":1}},"line":56},"7":{"name":"(anonymous_7)","decl":{"start":{"line":66,"column":70},"end":{"line":66,"column":71}},"loc":{"start":{"line":66,"column":80},"end":{"line":69,"column":5}},"line":66},"8":{"name":"(anonymous_8)","decl":{"start":{"line":69,"column":13},"end":{"line":69,"column":14}},"loc":{"start":{"line":69,"column":24},"end":{"line":71,"column":5}},"line":69},"9":{"name":"(anonymous_9)","decl":{"start":{"line":74,"column":28},"end":{"line":74,"column":29}},"loc":{"start":{"line":74,"column":42},"end":{"line":84,"column":1}},"line":74},"10":{"name":"(anonymous_10)","decl":{"start":{"line":78,"column":43},"end":{"line":78,"column":44}},"loc":{"start":{"line":78,"column":49},"end":{"line":80,"column":5}},"line":78},"11":{"name":"(anonymous_11)","decl":{"start":{"line":80,"column":13},"end":{"line":80,"column":14}},"loc":{"start":{"line":80,"column":24},"end":{"line":83,"column":5}},"line":80},"12":{"name":"(anonymous_12)","decl":{"start":{"line":86,"column":22},"end":{"line":86,"column":23}},"loc":{"start":{"line":86,"column":36},"end":{"line":93,"column":1}},"line":86},"13":{"name":"(anonymous_13)","decl":{"start":{"line":90,"column":47},"end":{"line":90,"column":48}},"loc":{"start":{"line":90,"column":59},"end":{"line":92,"column":5}},"line":90},"14":{"name":"(anonymous_14)","decl":{"start":{"line":97,"column":17},"end":{"line":97,"column":18}},"loc":{"start":{"line":97,"column":42},"end":{"line":99,"column":5}},"line":97},"15":{"name":"(anonymous_15)","decl":{"start":{"line":100,"column":14},"end":{"line":100,"column":15}},"loc":{"start":{"line":100,"column":39},"end":{"line":102,"column":5}},"line":100},"16":{"name":"(anonymous_16)","decl":{"start":{"line":105,"column":19},"end":{"line":105,"column":20}},"loc":{"start":{"line":105,"column":38},"end":{"line":111,"column":1}},"line":105},"17":{"name":"(anonymous_17)","decl":{"start":{"line":119,"column":55},"end":{"line":119,"column":56}},"loc":{"start":{"line":119,"column":69},"end":{"line":135,"column":1}},"line":119},"18":{"name":"(anonymous_18)","decl":{"start":{"line":130,"column":69},"end":{"line":130,"column":70}},"loc":{"start":{"line":130,"column":79},"end":{"line":132,"column":5}},"line":130},"19":{"name":"(anonymous_19)","decl":{"start":{"line":132,"column":13},"end":{"line":132,"column":14}},"loc":{"start":{"line":132,"column":24},"end":{"line":134,"column":5}},"line":132}},"branchMap":{"0":{"loc":{"start":{"line":45,"column":8},"end":{"line":51,"column":9}},"type":"if","locations":[{"start":{"line":45,"column":8},"end":{"line":51,"column":9}},{"start":{"line":47,"column":14},"end":{"line":51,"column":9}}],"line":45},"1":{"loc":{"start":{"line":47,"column":14},"end":{"line":51,"column":9}},"type":"if","locations":[{"start":{"line":47,"column":14},"end":{"line":51,"column":9}},{"start":{"line":49,"column":13},"end":{"line":51,"column":9}}],"line":47},"2":{"loc":{"start":{"line":106,"column":4},"end":{"line":110,"column":5}},"type":"if","locations":[{"start":{"line":106,"column":4},"end":{"line":110,"column":5}},{"start":{"line":108,"column":9},"end":{"line":110,"column":5}}],"line":106},"3":{"loc":{"start":{"line":120,"column":4},"end":{"line":122,"column":5}},"type":"if","locations":[{"start":{"line":120,"column":4},"end":{"line":122,"column":5}},{"start":{},"end":{}}],"line":120}},"s":{"0":1,"1":1,"2":1,"3":1,"4":1,"5":1,"6":1,"7":1,"8":0,"9":0,"10":0,"11":0,"12":1,"13":0,"14":0,"15":0,"16":0,"17":1,"18":0,"19":0,"20":0,"21":0,"22":0,"23":0,"24":0,"25":0,"26":0,"27":0,"28":1,"29":0,"30":0,"31":0,"32":0,"33":0,"34":0,"35":1,"36":1,"37":1,"38":1,"39":0,"40":0,"41":1,"42":2,"43":2,"44":2,"45":2,"46":1,"47":0,"48":0,"49":1,"50":0,"51":0,"52":0,"53":1,"54":1,"55":0,"56":0,"57":0,"58":0,"59":0,"60":0,"61":0,"62":1},"f":{"0":0,"1":0,"2":0,"3":0,"4":0,"5":0,"6":0,"7":0,"8":0,"9":1,"10":1,"11":0,"12":2,"13":2,"14":0,"15":0,"16":0,"17":0,"18":0,"19":0},"b":{"0":[0,0],"1":[0,0],"2":[0,0],"3":[0,0]},"_coverageSchema":"1a1c01bbd47fc00a2c39e90264f33305004495a9","hash":"2ac9efc90cc30a33756b1a20f7492b9b7f856ebd"}
}
